<?xml version="1.0" encoding="UTF-8"?>
<testng-results skipped="0" failed="0" ignored="0" total="1" passed="1">
  <reporter-output>
  </reporter-output>
  <suite name="Suite" duration-ms="4164" started-at="2021-11-27T05:17:39Z" finished-at="2021-11-27T05:17:44Z">
    <groups>
    </groups>
    <test name="Test" duration-ms="4164" started-at="2021-11-27T05:17:39Z" finished-at="2021-11-27T05:17:44Z">
      <class name="com.jbk.tests.DemoTest">
        <test-method status="PASS" signature="test1()[pri:0, instance:com.jbk.tests.DemoTest@402a079c]" name="test1" duration-ms="4147" started-at="2021-11-27T05:17:39Z" finished-at="2021-11-27T05:17:44Z">
          <reporter-output>
          </reporter-output>
        </test-method> <!-- test1 -->
      </class> <!-- com.jbk.tests.DemoTest -->
    </test> <!-- Test -->
  </suite> <!-- Suite -->
</testng-results>
